TN:
SF:src/core/user/entities/comment.entity.ts
FN:7,(anonymous_0)
FNF:1
FNH:1
FNDA:1,(anonymous_0)
DA:1,1
DA:8,1
DA:9,1
DA:10,1
DA:11,1
DA:12,1
LF:6
LH:6
BRF:0
BRH:0
end_of_record
TN:
SF:src/core/user/entities/index.ts
FNF:0
FNH:0
DA:1,1
DA:2,1
LF:2
LH:2
BRF:0
BRH:0
end_of_record
TN:
SF:src/core/user/entities/post.entity.ts
FN:6,(anonymous_0)
FNF:1
FNH:1
FNDA:2,(anonymous_0)
DA:1,1
DA:7,2
DA:8,2
DA:9,2
DA:10,2
LF:5
LH:5
BRF:0
BRH:0
end_of_record
TN:
SF:src/core/user/entities/user.entity.ts
FN:7,(anonymous_0)
FN:25,(anonymous_1)
FN:47,(anonymous_2)
FNF:3
FNH:2
FNDA:4,(anonymous_0)
FNDA:2,(anonymous_1)
FNDA:0,(anonymous_2)
DA:1,1
DA:8,4
DA:9,4
DA:10,4
DA:11,4
DA:12,4
DA:16,1
DA:26,2
DA:27,2
DA:28,2
DA:29,2
DA:30,2
DA:31,2
DA:32,2
DA:33,2
DA:36,1
DA:41,1
DA:48,0
DA:49,0
DA:50,0
DA:51,0
DA:52,0
DA:55,1
LF:23
LH:18
BRF:0
BRH:0
end_of_record
TN:
SF:src/core/user/repository/user.repository.ts
FN:7,(anonymous_0)
FN:11,(anonymous_1)
FN:17,(anonymous_2)
FN:23,(anonymous_3)
FN:29,(anonymous_4)
FN:35,(anonymous_5)
FN:39,(anonymous_6)
FN:42,(anonymous_7)
FN:45,(anonymous_8)
FNF:9
FNH:0
FNDA:0,(anonymous_0)
FNDA:0,(anonymous_1)
FNDA:0,(anonymous_2)
FNDA:0,(anonymous_3)
FNDA:0,(anonymous_4)
FNDA:0,(anonymous_5)
FNDA:0,(anonymous_6)
FNDA:0,(anonymous_7)
FNDA:0,(anonymous_8)
DA:1,2
DA:2,2
DA:6,2
DA:8,0
DA:9,0
DA:12,0
DA:15,0
DA:18,0
DA:21,0
DA:24,0
DA:27,0
DA:30,0
DA:33,0
DA:36,0
DA:40,0
DA:43,0
DA:46,0
LF:17
LH:3
BRF:0
BRH:0
end_of_record
TN:
SF:src/core/user/services/user.service.ts
FN:5,(anonymous_0)
FN:6,(anonymous_1)
FN:9,(anonymous_2)
FN:12,(anonymous_3)
FN:15,(anonymous_4)
FN:19,(anonymous_5)
FN:26,(anonymous_6)
FN:30,(anonymous_7)
FN:33,(anonymous_8)
FN:37,(anonymous_9)
FN:42,(anonymous_10)
FNF:11
FNH:10
FNDA:8,(anonymous_0)
FNDA:1,(anonymous_1)
FNDA:1,(anonymous_2)
FNDA:1,(anonymous_3)
FNDA:1,(anonymous_4)
FNDA:1,(anonymous_5)
FNDA:2,(anonymous_6)
FNDA:1,(anonymous_7)
FNDA:1,(anonymous_8)
FNDA:1,(anonymous_9)
FNDA:0,(anonymous_10)
DA:3,1
DA:4,1
DA:5,8
DA:7,1
DA:10,1
DA:13,1
DA:16,1
DA:17,1
DA:20,1
DA:21,1
DA:22,1
DA:24,0
DA:27,2
DA:28,2
DA:31,1
DA:34,1
DA:38,1
DA:39,1
DA:40,1
DA:42,0
DA:43,0
DA:45,0
DA:46,0
DA:48,0
DA:49,0
DA:51,0
DA:52,0
LF:27
LH:18
BRDA:17,0,0,1
BRDA:17,0,1,1
BRDA:21,1,0,1
BRDA:28,2,0,0
BRDA:28,2,1,2
BRDA:39,3,0,1
BRDA:45,4,0,0
BRDA:48,5,0,0
BRF:8
BRH:5
end_of_record
TN:
SF:src/db/index.ts
FNF:0
FNH:0
DA:1,2
DA:3,2
DA:5,2
LF:3
LH:3
BRF:0
BRH:0
end_of_record
TN:
SF:src/utils/constants.ts
FNF:0
FNH:0
DA:1,2
LF:1
LH:1
BRF:0
BRH:0
end_of_record
TN:
SF:src/utils/functions.ts
FN:3,(anonymous_0)
FNF:1
FNH:0
FNDA:0,(anonymous_0)
DA:1,2
DA:3,2
DA:4,0
DA:5,0
LF:4
LH:2
BRF:0
BRH:0
end_of_record
TN:
SF:src/utils/index.ts
FNF:0
FNH:0
DA:1,2
DA:2,2
LF:2
LH:2
BRF:0
BRH:0
end_of_record
